0 info it worked if it ends with ok
1 verbose cli [ '/usr/local/nodejs-binary-6.3.0/bin/node',
1 verbose cli   '/usr/local/bin/npm',
1 verbose cli   'install',
1 verbose cli   'webpack',
1 verbose cli   '--save-dev' ]
2 info using npm@3.10.3
3 info using node@v6.3.0
4 silly loadCurrentTree Starting
5 silly install loadCurrentTree
6 silly install readLocalPackageData
7 silly fetchPackageMetaData webpack
8 silly fetchNamedPackageData webpack
9 silly mapToRegistry name webpack
10 silly mapToRegistry using default registry
11 silly mapToRegistry registry https://registry.npmjs.org/
12 silly mapToRegistry data Result {
12 silly mapToRegistry   raw: 'webpack',
12 silly mapToRegistry   scope: null,
12 silly mapToRegistry   escapedName: 'webpack',
12 silly mapToRegistry   name: 'webpack',
12 silly mapToRegistry   rawSpec: '',
12 silly mapToRegistry   spec: 'latest',
12 silly mapToRegistry   type: 'tag' }
13 silly mapToRegistry uri https://registry.npmjs.org/webpack
14 verbose request uri https://registry.npmjs.org/webpack
15 verbose request no auth needed
16 info attempt registry request try #1 at 2:45:35 AM
17 verbose request id c9cbb0c86e4fe2a2
18 verbose etag "1G1GR3P1989FDSF809A8MAS12"
19 http request GET https://registry.npmjs.org/webpack
20 http 304 https://registry.npmjs.org/webpack
21 verbose headers { date: 'Mon, 29 Aug 2016 02:45:35 GMT',
21 verbose headers   via: '1.1 varnish',
21 verbose headers   'cache-control': 'max-age=300',
21 verbose headers   etag: '"1G1GR3P1989FDSF809A8MAS12"',
21 verbose headers   age: '81',
21 verbose headers   connection: 'keep-alive',
21 verbose headers   'x-served-by': 'cache-ord1731-ORD',
21 verbose headers   'x-cache': 'HIT',
21 verbose headers   'x-cache-hits': '1',
21 verbose headers   'x-timer': 'S1472438735.678489,VS0,VE0',
21 verbose headers   vary: 'Accept-Encoding' }
22 silly get cb [ 304,
22 silly get   { date: 'Mon, 29 Aug 2016 02:45:35 GMT',
22 silly get     via: '1.1 varnish',
22 silly get     'cache-control': 'max-age=300',
22 silly get     etag: '"1G1GR3P1989FDSF809A8MAS12"',
22 silly get     age: '81',
22 silly get     connection: 'keep-alive',
22 silly get     'x-served-by': 'cache-ord1731-ORD',
22 silly get     'x-cache': 'HIT',
22 silly get     'x-cache-hits': '1',
22 silly get     'x-timer': 'S1472438735.678489,VS0,VE0',
22 silly get     vary: 'Accept-Encoding' } ]
23 verbose etag https://registry.npmjs.org/webpack from cache
24 verbose get saving webpack to /home/vagrant/.npm/registry.npmjs.org/webpack/.cache.json
25 verbose correctMkdir /home/vagrant/.npm correctMkdir not in flight; initializing
26 silly install normalizeTree
27 silly loadCurrentTree Finishing
28 silly loadIdealTree Starting
29 silly install loadIdealTree
30 silly cloneCurrentTree Starting
31 silly install cloneCurrentTreeToIdealTree
32 silly cloneCurrentTree Finishing
33 silly loadShrinkwrap Starting
34 silly install loadShrinkwrap
35 silly loadShrinkwrap Finishing
36 silly loadAllDepsIntoIdealTree Starting
37 silly install loadAllDepsIntoIdealTree
38 silly resolveWithNewModule webpack@1.13.2 checking installable status
39 silly cache add args [ 'webpack', null ]
40 verbose cache add spec webpack
41 silly cache add parsed spec Result {
41 silly cache add   raw: 'webpack',
41 silly cache add   scope: null,
41 silly cache add   escapedName: 'webpack',
41 silly cache add   name: 'webpack',
41 silly cache add   rawSpec: '',
41 silly cache add   spec: 'latest',
41 silly cache add   type: 'tag' }
42 silly addNamed webpack@latest
43 verbose addNamed "latest" is being treated as a dist-tag for webpack
44 info addNameTag [ 'webpack', 'latest' ]
45 silly mapToRegistry name webpack
46 silly mapToRegistry using default registry
47 silly mapToRegistry registry https://registry.npmjs.org/
48 silly mapToRegistry data Result {
48 silly mapToRegistry   raw: 'webpack',
48 silly mapToRegistry   scope: null,
48 silly mapToRegistry   escapedName: 'webpack',
48 silly mapToRegistry   name: 'webpack',
48 silly mapToRegistry   rawSpec: '',
48 silly mapToRegistry   spec: 'latest',
48 silly mapToRegistry   type: 'tag' }
49 silly mapToRegistry uri https://registry.npmjs.org/webpack
50 verbose addNameTag registry:https://registry.npmjs.org/webpack not in flight; fetching
51 verbose get https://registry.npmjs.org/webpack not expired, no request
52 silly addNameTag next cb for webpack with tag latest
53 silly addNamed webpack@1.13.2
54 verbose addNamed "1.13.2" is a plain semver version for webpack
55 silly mapToRegistry name webpack
56 silly mapToRegistry using default registry
57 silly mapToRegistry registry https://registry.npmjs.org/
58 silly mapToRegistry data Result {
58 silly mapToRegistry   raw: 'webpack',
58 silly mapToRegistry   scope: null,
58 silly mapToRegistry   escapedName: 'webpack',
58 silly mapToRegistry   name: 'webpack',
58 silly mapToRegistry   rawSpec: '',
58 silly mapToRegistry   spec: 'latest',
58 silly mapToRegistry   type: 'tag' }
59 silly mapToRegistry uri https://registry.npmjs.org/webpack
60 verbose addRemoteTarball https://registry.npmjs.org/webpack/-/webpack-1.13.2.tgz not in flight; adding
61 verbose addRemoteTarball [ 'https://registry.npmjs.org/webpack/-/webpack-1.13.2.tgz',
61 verbose addRemoteTarball   'f11a96f458eb752970a86abe746c0704fabafaf3' ]
62 info retry fetch attempt 1 at 2:45:36 AM
63 info attempt registry request try #1 at 2:45:36 AM
64 http fetch GET https://registry.npmjs.org/webpack/-/webpack-1.13.2.tgz
65 http fetch 200 https://registry.npmjs.org/webpack/-/webpack-1.13.2.tgz
66 silly fetchAndShaCheck shasum f11a96f458eb752970a86abe746c0704fabafaf3
67 verbose addTmpTarball /tmp/npm-1697-2bec6fa5/registry.npmjs.org/webpack/-/webpack-1.13.2.tgz not in flight; adding
68 verbose addTmpTarball already have metadata; skipping unpack for webpack@1.13.2
69 verbose correctMkdir /home/vagrant/.npm correctMkdir not in flight; initializing
70 silly cache afterAdd webpack@1.13.2
71 verbose afterAdd /home/vagrant/.npm/webpack/1.13.2/package/package.json not in flight; writing
72 verbose correctMkdir /home/vagrant/.npm correctMkdir not in flight; initializing
73 verbose afterAdd /home/vagrant/.npm/webpack/1.13.2/package/package.json written
74 silly fetchNamedPackageData enhanced-resolve
75 silly mapToRegistry name enhanced-resolve
76 silly mapToRegistry using default registry
77 silly mapToRegistry registry https://registry.npmjs.org/
78 silly mapToRegistry data Result {
78 silly mapToRegistry   raw: 'enhanced-resolve',
78 silly mapToRegistry   scope: null,
78 silly mapToRegistry   escapedName: 'enhanced-resolve',
78 silly mapToRegistry   name: 'enhanced-resolve',
78 silly mapToRegistry   rawSpec: '',
78 silly mapToRegistry   spec: 'latest',
78 silly mapToRegistry   type: 'tag' }
79 silly mapToRegistry uri https://registry.npmjs.org/enhanced-resolve
80 silly fetchNamedPackageData acorn
81 silly mapToRegistry name acorn
82 silly mapToRegistry using default registry
83 silly mapToRegistry registry https://registry.npmjs.org/
84 silly mapToRegistry data Result {
84 silly mapToRegistry   raw: 'acorn',
84 silly mapToRegistry   scope: null,
84 silly mapToRegistry   escapedName: 'acorn',
84 silly mapToRegistry   name: 'acorn',
84 silly mapToRegistry   rawSpec: '',
84 silly mapToRegistry   spec: 'latest',
84 silly mapToRegistry   type: 'tag' }
85 silly mapToRegistry uri https://registry.npmjs.org/acorn
86 silly fetchNamedPackageData interpret
87 silly mapToRegistry name interpret
88 silly mapToRegistry using default registry
89 silly mapToRegistry registry https://registry.npmjs.org/
90 silly mapToRegistry data Result {
90 silly mapToRegistry   raw: 'interpret',
90 silly mapToRegistry   scope: null,
90 silly mapToRegistry   escapedName: 'interpret',
90 silly mapToRegistry   name: 'interpret',
90 silly mapToRegistry   rawSpec: '',
90 silly mapToRegistry   spec: 'latest',
90 silly mapToRegistry   type: 'tag' }
91 silly mapToRegistry uri https://registry.npmjs.org/interpret
92 silly fetchNamedPackageData memory-fs
93 silly mapToRegistry name memory-fs
94 silly mapToRegistry using default registry
95 silly mapToRegistry registry https://registry.npmjs.org/
96 silly mapToRegistry data Result {
96 silly mapToRegistry   raw: 'memory-fs',
96 silly mapToRegistry   scope: null,
96 silly mapToRegistry   escapedName: 'memory-fs',
96 silly mapToRegistry   name: 'memory-fs',
96 silly mapToRegistry   rawSpec: '',
96 silly mapToRegistry   spec: 'latest',
96 silly mapToRegistry   type: 'tag' }
97 silly mapToRegistry uri https://registry.npmjs.org/memory-fs
98 silly fetchNamedPackageData node-libs-browser
99 silly mapToRegistry name node-libs-browser
100 silly mapToRegistry using default registry
101 silly mapToRegistry registry https://registry.npmjs.org/
102 silly mapToRegistry data Result {
102 silly mapToRegistry   raw: 'node-libs-browser',
102 silly mapToRegistry   scope: null,
102 silly mapToRegistry   escapedName: 'node-libs-browser',
102 silly mapToRegistry   name: 'node-libs-browser',
102 silly mapToRegistry   rawSpec: '',
102 silly mapToRegistry   spec: 'latest',
102 silly mapToRegistry   type: 'tag' }
103 silly mapToRegistry uri https://registry.npmjs.org/node-libs-browser
104 silly fetchNamedPackageData supports-color
105 silly mapToRegistry name supports-color
106 silly mapToRegistry using default registry
107 silly mapToRegistry registry https://registry.npmjs.org/
108 silly mapToRegistry data Result {
108 silly mapToRegistry   raw: 'supports-color',
108 silly mapToRegistry   scope: null,
108 silly mapToRegistry   escapedName: 'supports-color',
108 silly mapToRegistry   name: 'supports-color',
108 silly mapToRegistry   rawSpec: '',
108 silly mapToRegistry   spec: 'latest',
108 silly mapToRegistry   type: 'tag' }
109 silly mapToRegistry uri https://registry.npmjs.org/supports-color
110 silly fetchNamedPackageData tapable
111 silly mapToRegistry name tapable
112 silly mapToRegistry using default registry
113 silly mapToRegistry registry https://registry.npmjs.org/
114 silly mapToRegistry data Result {
114 silly mapToRegistry   raw: 'tapable',
114 silly mapToRegistry   scope: null,
114 silly mapToRegistry   escapedName: 'tapable',
114 silly mapToRegistry   name: 'tapable',
114 silly mapToRegistry   rawSpec: '',
114 silly mapToRegistry   spec: 'latest',
114 silly mapToRegistry   type: 'tag' }
115 silly mapToRegistry uri https://registry.npmjs.org/tapable
116 silly fetchNamedPackageData uglify-js
117 silly mapToRegistry name uglify-js
118 silly mapToRegistry using default registry
119 silly mapToRegistry registry https://registry.npmjs.org/
120 silly mapToRegistry data Result {
120 silly mapToRegistry   raw: 'uglify-js',
120 silly mapToRegistry   scope: null,
120 silly mapToRegistry   escapedName: 'uglify-js',
120 silly mapToRegistry   name: 'uglify-js',
120 silly mapToRegistry   rawSpec: '',
120 silly mapToRegistry   spec: 'latest',
120 silly mapToRegistry   type: 'tag' }
121 silly mapToRegistry uri https://registry.npmjs.org/uglify-js
122 silly fetchNamedPackageData watchpack
123 silly mapToRegistry name watchpack
124 silly mapToRegistry using default registry
125 silly mapToRegistry registry https://registry.npmjs.org/
126 silly mapToRegistry data Result {
126 silly mapToRegistry   raw: 'watchpack',
126 silly mapToRegistry   scope: null,
126 silly mapToRegistry   escapedName: 'watchpack',
126 silly mapToRegistry   name: 'watchpack',
126 silly mapToRegistry   rawSpec: '',
126 silly mapToRegistry   spec: 'latest',
126 silly mapToRegistry   type: 'tag' }
127 silly mapToRegistry uri https://registry.npmjs.org/watchpack
128 silly fetchNamedPackageData webpack-core
129 silly mapToRegistry name webpack-core
130 silly mapToRegistry using default registry
131 silly mapToRegistry registry https://registry.npmjs.org/
132 silly mapToRegistry data Result {
132 silly mapToRegistry   raw: 'webpack-core',
132 silly mapToRegistry   scope: null,
132 silly mapToRegistry   escapedName: 'webpack-core',
132 silly mapToRegistry   name: 'webpack-core',
132 silly mapToRegistry   rawSpec: '',
132 silly mapToRegistry   spec: 'latest',
132 silly mapToRegistry   type: 'tag' }
133 silly mapToRegistry uri https://registry.npmjs.org/webpack-core
134 verbose request uri https://registry.npmjs.org/enhanced-resolve
135 verbose request no auth needed
136 info attempt registry request try #1 at 2:45:36 AM
137 http request GET https://registry.npmjs.org/enhanced-resolve
138 verbose request uri https://registry.npmjs.org/acorn
139 verbose request no auth needed
140 info attempt registry request try #1 at 2:45:36 AM
141 http request GET https://registry.npmjs.org/acorn
142 verbose request uri https://registry.npmjs.org/interpret
143 verbose request no auth needed
144 info attempt registry request try #1 at 2:45:36 AM
145 http request GET https://registry.npmjs.org/interpret
146 verbose request uri https://registry.npmjs.org/memory-fs
147 verbose request no auth needed
148 info attempt registry request try #1 at 2:45:36 AM
149 http request GET https://registry.npmjs.org/memory-fs
150 verbose request uri https://registry.npmjs.org/node-libs-browser
151 verbose request no auth needed
152 info attempt registry request try #1 at 2:45:36 AM
153 http request GET https://registry.npmjs.org/node-libs-browser
154 verbose request uri https://registry.npmjs.org/supports-color
155 verbose request no auth needed
156 info attempt registry request try #1 at 2:45:36 AM
157 http request GET https://registry.npmjs.org/supports-color
158 verbose request uri https://registry.npmjs.org/tapable
159 verbose request no auth needed
160 info attempt registry request try #1 at 2:45:36 AM
161 http request GET https://registry.npmjs.org/tapable
162 verbose request uri https://registry.npmjs.org/uglify-js
163 verbose request no auth needed
164 info attempt registry request try #1 at 2:45:36 AM
165 http request GET https://registry.npmjs.org/uglify-js
166 verbose request uri https://registry.npmjs.org/watchpack
167 verbose request no auth needed
168 info attempt registry request try #1 at 2:45:36 AM
169 http request GET https://registry.npmjs.org/watchpack
170 verbose request uri https://registry.npmjs.org/webpack-core
171 verbose request no auth needed
172 info attempt registry request try #1 at 2:45:36 AM
173 http request GET https://registry.npmjs.org/webpack-core
174 http 200 https://registry.npmjs.org/enhanced-resolve
175 verbose headers { server: 'CouchDB/1.5.0 (Erlang OTP/R16B03)',
175 verbose headers   etag: '"EAJA62GZ94EHYB73XC08UGPCX"',
175 verbose headers   'content-type': 'application/json',
175 verbose headers   'content-encoding': 'gzip',
175 verbose headers   'cache-control': 'max-age=300',
175 verbose headers   'content-length': '7707',
175 verbose headers   'accept-ranges': 'bytes',
175 verbose headers   date: 'Mon, 29 Aug 2016 02:45:36 GMT',
175 verbose headers   via: '1.1 varnish',
175 verbose headers   age: '0',
175 verbose headers   connection: 'keep-alive',
175 verbose headers   'x-served-by': 'cache-ord1731-ORD',
175 verbose headers   'x-cache': 'HIT',
175 verbose headers   'x-cache-hits': '1',
175 verbose headers   'x-timer': 'S1472438736.250094,VS0,VE85',
175 verbose headers   vary: 'Accept-Encoding' }
176 silly get cb [ 200,
176 silly get   { server: 'CouchDB/1.5.0 (Erlang OTP/R16B03)',
176 silly get     etag: '"EAJA62GZ94EHYB73XC08UGPCX"',
176 silly get     'content-type': 'application/json',
176 silly get     'content-encoding': 'gzip',
176 silly get     'cache-control': 'max-age=300',
176 silly get     'content-length': '7707',
176 silly get     'accept-ranges': 'bytes',
176 silly get     date: 'Mon, 29 Aug 2016 02:45:36 GMT',
176 silly get     via: '1.1 varnish',
176 silly get     age: '0',
176 silly get     connection: 'keep-alive',
176 silly get     'x-served-by': 'cache-ord1731-ORD',
176 silly get     'x-cache': 'HIT',
176 silly get     'x-cache-hits': '1',
176 silly get     'x-timer': 'S1472438736.250094,VS0,VE85',
176 silly get     vary: 'Accept-Encoding' } ]
177 verbose get saving enhanced-resolve to /home/vagrant/.npm/registry.npmjs.org/enhanced-resolve/.cache.json
178 verbose correctMkdir /home/vagrant/.npm correctMkdir not in flight; initializing
179 silly resolveWithNewModule enhanced-resolve@0.9.1 checking installable status
180 silly cache add args [ 'enhanced-resolve@~0.9.0', null ]
181 verbose cache add spec enhanced-resolve@~0.9.0
182 silly cache add parsed spec Result {
182 silly cache add   raw: 'enhanced-resolve@~0.9.0',
182 silly cache add   scope: null,
182 silly cache add   escapedName: 'enhanced-resolve',
182 silly cache add   name: 'enhanced-resolve',
182 silly cache add   rawSpec: '~0.9.0',
182 silly cache add   spec: '>=0.9.0 <0.10.0',
182 silly cache add   type: 'range' }
183 silly addNamed enhanced-resolve@>=0.9.0 <0.10.0
184 verbose addNamed ">=0.9.0 <0.10.0" is a valid semver range for enhanced-resolve
185 silly addNameRange { name: 'enhanced-resolve',
185 silly addNameRange   range: '>=0.9.0 <0.10.0',
185 silly addNameRange   hasData: false }
186 silly mapToRegistry name enhanced-resolve
187 silly mapToRegistry using default registry
188 silly mapToRegistry registry https://registry.npmjs.org/
189 silly mapToRegistry data Result {
189 silly mapToRegistry   raw: 'enhanced-resolve',
189 silly mapToRegistry   scope: null,
189 silly mapToRegistry   escapedName: 'enhanced-resolve',
189 silly mapToRegistry   name: 'enhanced-resolve',
189 silly mapToRegistry   rawSpec: '',
189 silly mapToRegistry   spec: 'latest',
189 silly mapToRegistry   type: 'tag' }
190 silly mapToRegistry uri https://registry.npmjs.org/enhanced-resolve
191 verbose addNameRange registry:https://registry.npmjs.org/enhanced-resolve not in flight; fetching
192 verbose get https://registry.npmjs.org/enhanced-resolve not expired, no request
193 silly addNameRange number 2 { name: 'enhanced-resolve',
193 silly addNameRange   range: '>=0.9.0 <0.10.0',
193 silly addNameRange   hasData: true }
194 silly addNameRange versions [ 'enhanced-resolve',
194 silly addNameRange   [ '0.2.0',
194 silly addNameRange     '0.2.1',
194 silly addNameRange     '0.2.2',
194 silly addNameRange     '0.2.3',
194 silly addNameRange     '0.2.4',
194 silly addNameRange     '0.2.5',
194 silly addNameRange     '0.2.6',
194 silly addNameRange     '0.2.7',
194 silly addNameRange     '0.2.8',
194 silly addNameRange     '0.2.9',
194 silly addNameRange     '0.3.0',
194 silly addNameRange     '0.3.1',
194 silly addNameRange     '0.4.0',
194 silly addNameRange     '0.4.1',
194 silly addNameRange     '0.4.2',
194 silly addNameRange     '0.4.4',
194 silly addNameRange     '0.4.5',
194 silly addNameRange     '0.4.6',
194 silly addNameRange     '0.4.7',
194 silly addNameRange     '0.4.8',
194 silly addNameRange     '0.4.9',
194 silly addNameRange     '0.4.10',
194 silly addNameRange     '0.4.11',
194 silly addNameRange     '0.4.12',
194 silly addNameRange     '0.5.0',
194 silly addNameRange     '0.5.1',
194 silly addNameRange     '0.5.2',
194 silly addNameRange     '0.5.3',
194 silly addNameRange     '0.5.4',
194 silly addNameRange     '0.5.5',
194 silly addNameRange     '0.5.6',
194 silly addNameRange     '0.5.7',
194 silly addNameRange     '0.5.8',
194 silly addNameRange     '0.5.9',
194 silly addNameRange     '0.5.10',
194 silly addNameRange     '0.5.11',
194 silly addNameRange     '0.5.12',
194 silly addNameRange     '0.5.13',
194 silly addNameRange     '0.5.14',
194 silly addNameRange     '0.5.15',
194 silly addNameRange     '0.6.0',
194 silly addNameRange     '0.6.1',
194 silly addNameRange     '0.7.0',
194 silly addNameRange     '0.7.1',
194 silly addNameRange     '0.7.2',
194 silly addNameRange     '0.7.3',
194 silly addNameRange     '0.7.4',
194 silly addNameRange     '0.7.5',
194 silly addNameRange     '0.7.6',
194 silly addNameRange     '0.8.0',
194 silly addNameRange     '0.8.1',
194 silly addNameRange     '0.8.2',
194 silly addNameRange     '0.8.3',
194 silly addNameRange     '0.8.4',
194 silly addNameRange     '0.8.5',
194 silly addNameRange     '0.8.6',
194 silly addNameRange     '0.9.0',
194 silly addNameRange     '0.9.1',
194 silly addNameRange     '2.0.0',
194 silly addNameRange     '2.0.1',
194 silly addNameRange     '2.0.2',
194 silly addNameRange     '2.1.0',
194 silly addNameRange     '2.2.0',
194 silly addNameRange     '2.2.1',
194 silly addNameRange     '2.2.2' ] ]
195 silly addNamed enhanced-resolve@0.9.1
196 verbose addNamed "0.9.1" is a plain semver version for enhanced-resolve
197 http 200 https://registry.npmjs.org/supports-color
198 verbose headers { server: 'CouchDB/1.5.0 (Erlang OTP/R16B03)',
198 verbose headers   etag: '"87VJAKWYUF4A2G4LCQKH55FZE"',
198 verbose headers   'content-type': 'application/json',
198 verbose headers   'content-encoding': 'gzip',
198 verbose headers   'cache-control': 'max-age=300',
198 verbose headers   'content-length': '3397',
198 verbose headers   'accept-ranges': 'bytes',
198 verbose headers   date: 'Mon, 29 Aug 2016 02:45:36 GMT',
198 verbose headers   via: '1.1 varnish',
198 verbose headers   age: '261',
198 verbose headers   connection: 'keep-alive',
198 verbose headers   'x-served-by': 'cache-ord1742-ORD',
198 verbose headers   'x-cache': 'HIT',
198 verbose headers   'x-cache-hits': '7',
198 verbose headers   'x-timer': 'S1472438736.361101,VS0,VE0',
198 verbose headers   vary: 'Accept-Encoding' }
199 silly get cb [ 200,
199 silly get   { server: 'CouchDB/1.5.0 (Erlang OTP/R16B03)',
199 silly get     etag: '"87VJAKWYUF4A2G4LCQKH55FZE"',
199 silly get     'content-type': 'application/json',
199 silly get     'content-encoding': 'gzip',
199 silly get     'cache-control': 'max-age=300',
199 silly get     'content-length': '3397',
199 silly get     'accept-ranges': 'bytes',
199 silly get     date: 'Mon, 29 Aug 2016 02:45:36 GMT',
199 silly get     via: '1.1 varnish',
199 silly get     age: '261',
199 silly get     connection: 'keep-alive',
199 silly get     'x-served-by': 'cache-ord1742-ORD',
199 silly get     'x-cache': 'HIT',
199 silly get     'x-cache-hits': '7',
199 silly get     'x-timer': 'S1472438736.361101,VS0,VE0',
199 silly get     vary: 'Accept-Encoding' } ]
200 verbose get saving supports-color to /home/vagrant/.npm/registry.npmjs.org/supports-color/.cache.json
201 verbose correctMkdir /home/vagrant/.npm correctMkdir not in flight; initializing
202 silly resolveWithNewModule supports-color@3.1.2 checking installable status
203 silly cache add args [ 'supports-color@^3.1.0', null ]
204 verbose cache add spec supports-color@^3.1.0
205 silly cache add parsed spec Result {
205 silly cache add   raw: 'supports-color@^3.1.0',
205 silly cache add   scope: null,
205 silly cache add   escapedName: 'supports-color',
205 silly cache add   name: 'supports-color',
205 silly cache add   rawSpec: '^3.1.0',
205 silly cache add   spec: '>=3.1.0 <4.0.0',
205 silly cache add   type: 'range' }
206 silly addNamed supports-color@>=3.1.0 <4.0.0
207 verbose addNamed ">=3.1.0 <4.0.0" is a valid semver range for supports-color
208 silly addNameRange { name: 'supports-color',
208 silly addNameRange   range: '>=3.1.0 <4.0.0',
208 silly addNameRange   hasData: false }
209 silly mapToRegistry name supports-color
210 silly mapToRegistry using default registry
211 silly mapToRegistry registry https://registry.npmjs.org/
212 silly mapToRegistry data Result {
212 silly mapToRegistry   raw: 'supports-color',
212 silly mapToRegistry   scope: null,
212 silly mapToRegistry   escapedName: 'supports-color',
212 silly mapToRegistry   name: 'supports-color',
212 silly mapToRegistry   rawSpec: '',
212 silly mapToRegistry   spec: 'latest',
212 silly mapToRegistry   type: 'tag' }
213 silly mapToRegistry uri https://registry.npmjs.org/supports-color
214 verbose addNameRange registry:https://registry.npmjs.org/supports-color not in flight; fetching
215 verbose get https://registry.npmjs.org/supports-color not expired, no request
216 silly addNameRange number 2 { name: 'supports-color',
216 silly addNameRange   range: '>=3.1.0 <4.0.0',
216 silly addNameRange   hasData: true }
217 silly addNameRange versions [ 'supports-color',
217 silly addNameRange   [ '0.2.0',
217 silly addNameRange     '1.0.0',
217 silly addNameRange     '1.1.0',
217 silly addNameRange     '1.2.0',
217 silly addNameRange     '1.2.1',
217 silly addNameRange     '1.3.0',
217 silly addNameRange     '1.3.1',
217 silly addNameRange     '2.0.0',
217 silly addNameRange     '3.0.0',
217 silly addNameRange     '3.0.1',
217 silly addNameRange     '3.1.0',
217 silly addNameRange     '3.1.1',
217 silly addNameRange     '3.1.2' ] ]
218 silly addNamed supports-color@3.1.2
219 verbose addNamed "3.1.2" is a plain semver version for supports-color
220 http 200 https://registry.npmjs.org/acorn
221 verbose headers { server: 'CouchDB/1.6.1 (Erlang OTP/R16B03)',
221 verbose headers   etag: '"8Q2PWGE2IJCK73B1N2PXOYBE2"',
221 verbose headers   'content-type': 'application/json',
221 verbose headers   'content-encoding': 'gzip',
221 verbose headers   'cache-control': 'max-age=300',
221 verbose headers   'content-length': '15581',
221 verbose headers   'accept-ranges': 'bytes',
221 verbose headers   date: 'Mon, 29 Aug 2016 02:45:36 GMT',
221 verbose headers   via: '1.1 varnish',
221 verbose headers   age: '77',
221 verbose headers   connection: 'keep-alive',
221 verbose headers   'x-served-by': 'cache-ord1723-ORD',
221 verbose headers   'x-cache': 'HIT',
221 verbose headers   'x-cache-hits': '1',
221 verbose headers   'x-timer': 'S1472438736.349951,VS0,VE0',
221 verbose headers   vary: 'Accept-Encoding' }
222 silly get cb [ 200,
222 silly get   { server: 'CouchDB/1.6.1 (Erlang OTP/R16B03)',
222 silly get     etag: '"8Q2PWGE2IJCK73B1N2PXOYBE2"',
222 silly get     'content-type': 'application/json',
222 silly get     'content-encoding': 'gzip',
222 silly get     'cache-control': 'max-age=300',
222 silly get     'content-length': '15581',
222 silly get     'accept-ranges': 'bytes',
222 silly get     date: 'Mon, 29 Aug 2016 02:45:36 GMT',
222 silly get     via: '1.1 varnish',
222 silly get     age: '77',
222 silly get     connection: 'keep-alive',
222 silly get     'x-served-by': 'cache-ord1723-ORD',
222 silly get     'x-cache': 'HIT',
222 silly get     'x-cache-hits': '1',
222 silly get     'x-timer': 'S1472438736.349951,VS0,VE0',
222 silly get     vary: 'Accept-Encoding' } ]
223 verbose get saving acorn to /home/vagrant/.npm/registry.npmjs.org/acorn/.cache.json
224 verbose correctMkdir /home/vagrant/.npm correctMkdir not in flight; initializing
225 http 200 https://registry.npmjs.org/memory-fs
226 verbose headers { server: 'CouchDB/1.5.0 (Erlang OTP/R16B03)',
226 verbose headers   etag: '"2FPV55CSAKPP8DPWEFPJV19O5"',
226 verbose headers   'content-type': 'application/json',
226 verbose headers   'content-encoding': 'gzip',
226 verbose headers   'cache-control': 'max-age=300',
226 verbose headers   'content-length': '1676',
226 verbose headers   'accept-ranges': 'bytes',
226 verbose headers   date: 'Mon, 29 Aug 2016 02:45:36 GMT',
226 verbose headers   via: '1.1 varnish',
226 verbose headers   age: '77',
226 verbose headers   connection: 'keep-alive',
226 verbose headers   'x-served-by': 'cache-ord1744-ORD',
226 verbose headers   'x-cache': 'HIT',
226 verbose headers   'x-cache-hits': '1',
226 verbose headers   'x-timer': 'S1472438736.380226,VS0,VE0',
226 verbose headers   vary: 'Accept-Encoding' }
227 silly get cb [ 200,
227 silly get   { server: 'CouchDB/1.5.0 (Erlang OTP/R16B03)',
227 silly get     etag: '"2FPV55CSAKPP8DPWEFPJV19O5"',
227 silly get     'content-type': 'application/json',
227 silly get     'content-encoding': 'gzip',
227 silly get     'cache-control': 'max-age=300',
227 silly get     'content-length': '1676',
227 silly get     'accept-ranges': 'bytes',
227 silly get     date: 'Mon, 29 Aug 2016 02:45:36 GMT',
227 silly get     via: '1.1 varnish',
227 silly get     age: '77',
227 silly get     connection: 'keep-alive',
227 silly get     'x-served-by': 'cache-ord1744-ORD',
227 silly get     'x-cache': 'HIT',
227 silly get     'x-cache-hits': '1',
227 silly get     'x-timer': 'S1472438736.380226,VS0,VE0',
227 silly get     vary: 'Accept-Encoding' } ]
228 verbose get saving memory-fs to /home/vagrant/.npm/registry.npmjs.org/memory-fs/.cache.json
229 verbose correctMkdir /home/vagrant/.npm correctMkdir not in flight; initializing
230 http 200 https://registry.npmjs.org/interpret
231 verbose headers { server: 'CouchDB/1.5.0 (Erlang OTP/R16B03)',
231 verbose headers   etag: '"CBJPDEL1BSAI9455USL0MC6OP"',
231 verbose headers   'content-type': 'application/json',
231 verbose headers   'content-encoding': 'gzip',
231 verbose headers   'cache-control': 'max-age=300',
231 verbose headers   'content-length': '5734',
231 verbose headers   'accept-ranges': 'bytes',
231 verbose headers   date: 'Mon, 29 Aug 2016 02:45:36 GMT',
231 verbose headers   via: '1.1 varnish',
231 verbose headers   age: '82',
231 verbose headers   connection: 'keep-alive',
231 verbose headers   'x-served-by': 'cache-ord1720-ORD',
231 verbose headers   'x-cache': 'HIT',
231 verbose headers   'x-cache-hits': '1',
231 verbose headers   'x-timer': 'S1472438736.380329,VS0,VE0',
231 verbose headers   vary: 'Accept-Encoding' }
232 silly get cb [ 200,
232 silly get   { server: 'CouchDB/1.5.0 (Erlang OTP/R16B03)',
232 silly get     etag: '"CBJPDEL1BSAI9455USL0MC6OP"',
232 silly get     'content-type': 'application/json',
232 silly get     'content-encoding': 'gzip',
232 silly get     'cache-control': 'max-age=300',
232 silly get     'content-length': '5734',
232 silly get     'accept-ranges': 'bytes',
232 silly get     date: 'Mon, 29 Aug 2016 02:45:36 GMT',
232 silly get     via: '1.1 varnish',
232 silly get     age: '82',
232 silly get     connection: 'keep-alive',
232 silly get     'x-served-by': 'cache-ord1720-ORD',
232 silly get     'x-cache': 'HIT',
232 silly get     'x-cache-hits': '1',
232 silly get     'x-timer': 'S1472438736.380329,VS0,VE0',
232 silly get     vary: 'Accept-Encoding' } ]
233 verbose get saving interpret to /home/vagrant/.npm/registry.npmjs.org/interpret/.cache.json
234 verbose correctMkdir /home/vagrant/.npm correctMkdir not in flight; initializing
235 silly resolveWithNewModule acorn@3.3.0 checking installable status
236 silly cache add args [ 'acorn@^3.0.0', null ]
237 verbose cache add spec acorn@^3.0.0
238 silly cache add parsed spec Result {
238 silly cache add   raw: 'acorn@^3.0.0',
238 silly cache add   scope: null,
238 silly cache add   escapedName: 'acorn',
238 silly cache add   name: 'acorn',
238 silly cache add   rawSpec: '^3.0.0',
238 silly cache add   spec: '>=3.0.0 <4.0.0',
238 silly cache add   type: 'range' }
239 silly addNamed acorn@>=3.0.0 <4.0.0
240 verbose addNamed ">=3.0.0 <4.0.0" is a valid semver range for acorn
241 silly addNameRange { name: 'acorn', range: '>=3.0.0 <4.0.0', hasData: false }
242 silly mapToRegistry name acorn
243 silly mapToRegistry using default registry
244 silly mapToRegistry registry https://registry.npmjs.org/
245 silly mapToRegistry data Result {
245 silly mapToRegistry   raw: 'acorn',
245 silly mapToRegistry   scope: null,
245 silly mapToRegistry   escapedName: 'acorn',
245 silly mapToRegistry   name: 'acorn',
245 silly mapToRegistry   rawSpec: '',
245 silly mapToRegistry   spec: 'latest',
245 silly mapToRegistry   type: 'tag' }
246 silly mapToRegistry uri https://registry.npmjs.org/acorn
247 verbose addNameRange registry:https://registry.npmjs.org/acorn not in flight; fetching
248 silly resolveWithNewModule memory-fs@0.3.0 checking installable status
249 silly cache add args [ 'memory-fs@~0.3.0', null ]
250 verbose cache add spec memory-fs@~0.3.0
251 silly cache add parsed spec Result {
251 silly cache add   raw: 'memory-fs@~0.3.0',
251 silly cache add   scope: null,
251 silly cache add   escapedName: 'memory-fs',
251 silly cache add   name: 'memory-fs',
251 silly cache add   rawSpec: '~0.3.0',
251 silly cache add   spec: '>=0.3.0 <0.4.0',
251 silly cache add   type: 'range' }
252 silly addNamed memory-fs@>=0.3.0 <0.4.0
253 verbose addNamed ">=0.3.0 <0.4.0" is a valid semver range for memory-fs
254 silly addNameRange { name: 'memory-fs', range: '>=0.3.0 <0.4.0', hasData: false }
255 silly mapToRegistry name memory-fs
256 silly mapToRegistry using default registry
257 silly mapToRegistry registry https://registry.npmjs.org/
258 silly mapToRegistry data Result {
258 silly mapToRegistry   raw: 'memory-fs',
258 silly mapToRegistry   scope: null,
258 silly mapToRegistry   escapedName: 'memory-fs',
258 silly mapToRegistry   name: 'memory-fs',
258 silly mapToRegistry   rawSpec: '',
258 silly mapToRegistry   spec: 'latest',
258 silly mapToRegistry   type: 'tag' }
259 silly mapToRegistry uri https://registry.npmjs.org/memory-fs
260 verbose addNameRange registry:https://registry.npmjs.org/memory-fs not in flight; fetching
261 silly resolveWithNewModule interpret@0.6.6 checking installable status
262 silly cache add args [ 'interpret@^0.6.4', null ]
263 verbose cache add spec interpret@^0.6.4
264 silly cache add parsed spec Result {
264 silly cache add   raw: 'interpret@^0.6.4',
264 silly cache add   scope: null,
264 silly cache add   escapedName: 'interpret',
264 silly cache add   name: 'interpret',
264 silly cache add   rawSpec: '^0.6.4',
264 silly cache add   spec: '>=0.6.4 <0.7.0',
264 silly cache add   type: 'range' }
265 silly addNamed interpret@>=0.6.4 <0.7.0
266 verbose addNamed ">=0.6.4 <0.7.0" is a valid semver range for interpret
267 silly addNameRange { name: 'interpret', range: '>=0.6.4 <0.7.0', hasData: false }
268 silly mapToRegistry name interpret
269 silly mapToRegistry using default registry
270 silly mapToRegistry registry https://registry.npmjs.org/
271 silly mapToRegistry data Result {
271 silly mapToRegistry   raw: 'interpret',
271 silly mapToRegistry   scope: null,
271 silly mapToRegistry   escapedName: 'interpret',
271 silly mapToRegistry   name: 'interpret',
271 silly mapToRegistry   rawSpec: '',
271 silly mapToRegistry   spec: 'latest',
271 silly mapToRegistry   type: 'tag' }
272 silly mapToRegistry uri https://registry.npmjs.org/interpret
273 verbose addNameRange registry:https://registry.npmjs.org/interpret not in flight; fetching
274 verbose get https://registry.npmjs.org/acorn not expired, no request
275 silly addNameRange number 2 { name: 'acorn', range: '>=3.0.0 <4.0.0', hasData: true }
276 silly addNameRange versions [ 'acorn',
276 silly addNameRange   [ '0.0.1',
276 silly addNameRange     '0.1.0',
276 silly addNameRange     '0.2.0',
276 silly addNameRange     '0.3.0',
276 silly addNameRange     '0.3.1',
276 silly addNameRange     '0.4.0',
276 silly addNameRange     '0.4.2',
276 silly addNameRange     '0.5.0',
276 silly addNameRange     '0.6.0',
276 silly addNameRange     '0.7.0',
276 silly addNameRange     '0.8.0',
276 silly addNameRange     '0.9.0',
276 silly addNameRange     '0.10.0',
276 silly addNameRange     '0.11.0',
276 silly addNameRange     '0.12.0',
276 silly addNameRange     '1.0.0',
276 silly addNameRange     '1.0.1',
276 silly addNameRange     '1.0.3',
276 silly addNameRange     '1.1.0',
276 silly addNameRange     '1.2.0',
276 silly addNameRange     '2.0.0',
276 silly addNameRange     '1.2.1',
276 silly addNameRange     '2.0.1',
276 silly addNameRange     '1.2.2',
276 silly addNameRange     '2.0.4',
276 silly addNameRange     '2.1.0',
276 silly addNameRange     '2.2.0',
276 silly addNameRange     '2.3.0',
276 silly addNameRange     '2.4.0',
276 silly addNameRange     '2.5.0',
276 silly addNameRange     '2.5.2',
276 silly addNameRange     '2.6.0',
276 silly addNameRange     '2.6.2',
276 silly addNameRange     '2.6.4',
276 silly addNameRange     '2.7.0',
276 silly addNameRange     '3.0.0',
276 silly addNameRange     '3.0.2',
276 silly addNameRange     '3.0.4',
276 silly addNameRange     '3.1.0',
276 silly addNameRange     '3.2.0',
276 silly addNameRange     '3.3.0' ] ]
277 silly addNamed acorn@3.3.0
278 verbose addNamed "3.3.0" is a plain semver version for acorn
279 verbose get https://registry.npmjs.org/memory-fs not expired, no request
280 silly addNameRange number 2 { name: 'memory-fs', range: '>=0.3.0 <0.4.0', hasData: true }
281 silly addNameRange versions [ 'memory-fs', [ '0.1.0', '0.1.1', '0.2.0', '0.3.0' ] ]
282 silly addNamed memory-fs@0.3.0
283 verbose addNamed "0.3.0" is a plain semver version for memory-fs
284 verbose get https://registry.npmjs.org/interpret not expired, no request
285 silly addNameRange number 2 { name: 'interpret', range: '>=0.6.4 <0.7.0', hasData: true }
286 silly addNameRange versions [ 'interpret',
286 silly addNameRange   [ '0.1.0',
286 silly addNameRange     '0.2.0',
286 silly addNameRange     '0.3.0',
286 silly addNameRange     '0.3.1',
286 silly addNameRange     '0.3.2',
286 silly addNameRange     '0.3.3',
286 silly addNameRange     '0.3.4',
286 silly addNameRange     '0.3.5',
286 silly addNameRange     '0.3.6',
286 silly addNameRange     '0.3.7',
286 silly addNameRange     '0.3.8',
286 silly addNameRange     '0.3.9',
286 silly addNameRange     '0.3.10',
286 silly addNameRange     '0.4.0',
286 silly addNameRange     '0.4.1',
286 silly addNameRange     '0.4.2',
286 silly addNameRange     '0.4.3',
286 silly addNameRange     '0.5.0',
286 silly addNameRange     '0.5.1',
286 silly addNameRange     '0.5.2',
286 silly addNameRange     '0.6.0',
286 silly addNameRange     '0.6.1',
286 silly addNameRange     '0.6.2',
286 silly addNameRange     '0.6.3',
286 silly addNameRange     '0.6.4',
286 silly addNameRange     '0.6.5',
286 silly addNameRange     '0.6.6',
286 silly addNameRange     '1.0.0',
286 silly addNameRange     '1.0.1' ] ]
287 silly addNamed interpret@0.6.6
288 verbose addNamed "0.6.6" is a plain semver version for interpret
289 http 200 https://registry.npmjs.org/uglify-js
290 verbose headers { server: 'CouchDB/1.5.0 (Erlang OTP/R16B03)',
290 verbose headers   etag: '"AJCHR1KKXCKV0RIC09F66ZH2N"',
290 verbose headers   'content-type': 'application/json',
290 verbose headers   'content-encoding': 'gzip',
290 verbose headers   'cache-control': 'max-age=300',
290 verbose headers   'content-length': '25359',
290 verbose headers   'accept-ranges': 'bytes',
290 verbose headers   date: 'Mon, 29 Aug 2016 02:45:36 GMT',
290 verbose headers   via: '1.1 varnish',
290 verbose headers   age: '124',
290 verbose headers   connection: 'keep-alive',
290 verbose headers   'x-served-by': 'cache-ord1739-ORD',
290 verbose headers   'x-cache': 'HIT',
290 verbose headers   'x-cache-hits': '1',
290 verbose headers   'x-timer': 'S1472438736.390513,VS0,VE0',
290 verbose headers   vary: 'Accept-Encoding' }
291 silly get cb [ 200,
291 silly get   { server: 'CouchDB/1.5.0 (Erlang OTP/R16B03)',
291 silly get     etag: '"AJCHR1KKXCKV0RIC09F66ZH2N"',
291 silly get     'content-type': 'application/json',
291 silly get     'content-encoding': 'gzip',
291 silly get     'cache-control': 'max-age=300',
291 silly get     'content-length': '25359',
291 silly get     'accept-ranges': 'bytes',
291 silly get     date: 'Mon, 29 Aug 2016 02:45:36 GMT',
291 silly get     via: '1.1 varnish',
291 silly get     age: '124',
291 silly get     connection: 'keep-alive',
291 silly get     'x-served-by': 'cache-ord1739-ORD',
291 silly get     'x-cache': 'HIT',
291 silly get     'x-cache-hits': '1',
291 silly get     'x-timer': 'S1472438736.390513,VS0,VE0',
291 silly get     vary: 'Accept-Encoding' } ]
292 verbose get saving uglify-js to /home/vagrant/.npm/registry.npmjs.org/uglify-js/.cache.json
293 verbose correctMkdir /home/vagrant/.npm correctMkdir not in flight; initializing
294 silly resolveWithNewModule uglify-js@2.6.4 checking installable status
295 silly cache add args [ 'uglify-js@~2.6.0', null ]
296 verbose cache add spec uglify-js@~2.6.0
297 silly cache add parsed spec Result {
297 silly cache add   raw: 'uglify-js@~2.6.0',
297 silly cache add   scope: null,
297 silly cache add   escapedName: 'uglify-js',
297 silly cache add   name: 'uglify-js',
297 silly cache add   rawSpec: '~2.6.0',
297 silly cache add   spec: '>=2.6.0 <2.7.0',
297 silly cache add   type: 'range' }
298 silly addNamed uglify-js@>=2.6.0 <2.7.0
299 verbose addNamed ">=2.6.0 <2.7.0" is a valid semver range for uglify-js
300 silly addNameRange { name: 'uglify-js', range: '>=2.6.0 <2.7.0', hasData: false }
301 silly mapToRegistry name uglify-js
302 silly mapToRegistry using default registry
303 silly mapToRegistry registry https://registry.npmjs.org/
304 silly mapToRegistry data Result {
304 silly mapToRegistry   raw: 'uglify-js',
304 silly mapToRegistry   scope: null,
304 silly mapToRegistry   escapedName: 'uglify-js',
304 silly mapToRegistry   name: 'uglify-js',
304 silly mapToRegistry   rawSpec: '',
304 silly mapToRegistry   spec: 'latest',
304 silly mapToRegistry   type: 'tag' }
305 silly mapToRegistry uri https://registry.npmjs.org/uglify-js
306 verbose addNameRange registry:https://registry.npmjs.org/uglify-js not in flight; fetching
307 verbose get https://registry.npmjs.org/uglify-js not expired, no request
308 silly addNameRange number 2 { name: 'uglify-js', range: '>=2.6.0 <2.7.0', hasData: true }
309 silly addNameRange versions [ 'uglify-js',
309 silly addNameRange   [ '0.0.1',
309 silly addNameRange     '0.0.2',
309 silly addNameRange     '0.0.3',
309 silly addNameRange     '0.0.4',
309 silly addNameRange     '0.0.5',
309 silly addNameRange     '1.0.1',
309 silly addNameRange     '1.0.2',
309 silly addNameRange     '1.0.3',
309 silly addNameRange     '1.0.4',
309 silly addNameRange     '1.0.5',
309 silly addNameRange     '1.0.6',
309 silly addNameRange     '1.0.7',
309 silly addNameRange     '1.1.0',
309 silly addNameRange     '1.1.1',
309 silly addNameRange     '1.2.0',
309 silly addNameRange     '1.2.1',
309 silly addNameRange     '1.2.2',
309 silly addNameRange     '1.2.3',
309 silly addNameRange     '1.2.4',
309 silly addNameRange     '1.2.5',
309 silly addNameRange     '1.2.6',
309 silly addNameRange     '1.3.0',
309 silly addNameRange     '1.3.1',
309 silly addNameRange     '1.3.2',
309 silly addNameRange     '1.3.3',
309 silly addNameRange     '1.3.4',
309 silly addNameRange     '2.2.0',
309 silly addNameRange     '2.2.1',
309 silly addNameRange     '2.2.2',
309 silly addNameRange     '2.2.3',
309 silly addNameRange     '2.2.4',
309 silly addNameRange     '2.2.5',
309 silly addNameRange     '2.3.0',
309 silly addNameRange     '2.3.1',
309 silly addNameRange     '2.3.2',
309 silly addNameRange     '2.3.3',
309 silly addNameRange     '2.3.4',
309 silly addNameRange     '2.3.5',
309 silly addNameRange     '2.3.6',
309 silly addNameRange     '1.3.5',
309 silly addNameRange     '2.4.0',
309 silly addNameRange     '2.4.1',
309 silly addNameRange     '2.4.2',
309 silly addNameRange     '2.4.3',
309 silly addNameRange     '2.4.4',
309 silly addNameRange     '2.4.5',
309 silly addNameRange     '2.4.6',
309 silly addNameRange     '2.4.7',
309 silly addNameRange     '2.4.8',
309 silly addNameRange     '2.4.9',
309 silly addNameRange     '2.4.10',
309 silly addNameRange     '2.4.11',
309 silly addNameRange     '2.4.12',
309 silly addNameRange     '2.4.13',
309 silly addNameRange     '2.4.14',
309 silly addNameRange     '2.4.15',
309 silly addNameRange     '2.4.16',
309 silly addNameRange     '2.4.17',
309 silly addNameRange     '2.4.18',
309 silly addNameRange     '2.4.19',
309 silly addNameRange     '2.4.20',
309 silly addNameRange     '2.4.21',
309 silly addNameRange     '2.4.22',
309 silly addNameRange     '2.4.23',
309 silly addNameRange     '2.4.24',
309 silly addNameRange     '2.5.0',
309 silly addNameRange     '2.6.0',
309 silly addNameRange     '2.6.1',
309 silly addNameRange     '2.6.2',
309 silly addNameRange     '2.6.3',
309 silly addNameRange     '2.6.4',
309 silly addNameRange     '2.7.0',
309 silly addNameRange     '2.7.1',
309 silly addNameRange     '2.7.2',
309 silly addNameRange     '2.7.3' ] ]
310 silly addNamed uglify-js@2.6.4
311 verbose addNamed "2.6.4" is a plain semver version for uglify-js
312 http 200 https://registry.npmjs.org/webpack-core
313 verbose headers { server: 'CouchDB/1.5.0 (Erlang OTP/R16B03)',
313 verbose headers   etag: '"ET6SLP20VN70OQ8S45TRP723J"',
313 verbose headers   'content-type': 'application/json',
313 verbose headers   'content-encoding': 'gzip',
313 verbose headers   'cache-control': 'max-age=300',
313 verbose headers   'content-length': '5155',
313 verbose headers   'accept-ranges': 'bytes',
313 verbose headers   date: 'Mon, 29 Aug 2016 02:45:36 GMT',
313 verbose headers   via: '1.1 varnish',
313 verbose headers   age: '0',
313 verbose headers   connection: 'keep-alive',
313 verbose headers   'x-served-by': 'cache-ord1741-ORD',
313 verbose headers   'x-cache': 'HIT',
313 verbose headers   'x-cache-hits': '1',
313 verbose headers   'x-timer': 'S1472438736.443056,VS0,VE83',
313 verbose headers   vary: 'Accept-Encoding' }
314 silly get cb [ 200,
314 silly get   { server: 'CouchDB/1.5.0 (Erlang OTP/R16B03)',
314 silly get     etag: '"ET6SLP20VN70OQ8S45TRP723J"',
314 silly get     'content-type': 'application/json',
314 silly get     'content-encoding': 'gzip',
314 silly get     'cache-control': 'max-age=300',
314 silly get     'content-length': '5155',
314 silly get     'accept-ranges': 'bytes',
314 silly get     date: 'Mon, 29 Aug 2016 02:45:36 GMT',
314 silly get     via: '1.1 varnish',
314 silly get     age: '0',
314 silly get     connection: 'keep-alive',
314 silly get     'x-served-by': 'cache-ord1741-ORD',
314 silly get     'x-cache': 'HIT',
314 silly get     'x-cache-hits': '1',
314 silly get     'x-timer': 'S1472438736.443056,VS0,VE83',
314 silly get     vary: 'Accept-Encoding' } ]
315 verbose get saving webpack-core to /home/vagrant/.npm/registry.npmjs.org/webpack-core/.cache.json
316 verbose correctMkdir /home/vagrant/.npm correctMkdir not in flight; initializing
317 silly resolveWithNewModule webpack-core@0.6.8 checking installable status
318 silly cache add args [ 'webpack-core@~0.6.0', null ]
319 verbose cache add spec webpack-core@~0.6.0
320 silly cache add parsed spec Result {
320 silly cache add   raw: 'webpack-core@~0.6.0',
320 silly cache add   scope: null,
320 silly cache add   escapedName: 'webpack-core',
320 silly cache add   name: 'webpack-core',
320 silly cache add   rawSpec: '~0.6.0',
320 silly cache add   spec: '>=0.6.0 <0.7.0',
320 silly cache add   type: 'range' }
321 silly addNamed webpack-core@>=0.6.0 <0.7.0
322 verbose addNamed ">=0.6.0 <0.7.0" is a valid semver range for webpack-core
323 silly addNameRange { name: 'webpack-core', range: '>=0.6.0 <0.7.0', hasData: false }
324 silly mapToRegistry name webpack-core
325 silly mapToRegistry using default registry
326 silly mapToRegistry registry https://registry.npmjs.org/
327 silly mapToRegistry data Result {
327 silly mapToRegistry   raw: 'webpack-core',
327 silly mapToRegistry   scope: null,
327 silly mapToRegistry   escapedName: 'webpack-core',
327 silly mapToRegistry   name: 'webpack-core',
327 silly mapToRegistry   rawSpec: '',
327 silly mapToRegistry   spec: 'latest',
327 silly mapToRegistry   type: 'tag' }
328 silly mapToRegistry uri https://registry.npmjs.org/webpack-core
329 verbose addNameRange registry:https://registry.npmjs.org/webpack-core not in flight; fetching
330 verbose get https://registry.npmjs.org/webpack-core not expired, no request
331 silly addNameRange number 2 { name: 'webpack-core', range: '>=0.6.0 <0.7.0', hasData: true }
332 silly addNameRange versions [ 'webpack-core',
332 silly addNameRange   [ '0.1.0',
332 silly addNameRange     '0.1.1',
332 silly addNameRange     '0.1.2',
332 silly addNameRange     '0.1.3',
332 silly addNameRange     '0.1.4',
332 silly addNameRange     '0.1.5',
332 silly addNameRange     '0.2.0',
332 silly addNameRange     '0.2.1',
332 silly addNameRange     '0.2.2',
332 silly addNameRange     '0.2.3',
332 silly addNameRange     '0.2.4',
332 silly addNameRange     '0.2.5',
332 silly addNameRange     '0.2.6',
332 silly addNameRange     '0.2.7',
332 silly addNameRange     '0.2.8',
332 silly addNameRange     '0.2.9',
332 silly addNameRange     '0.2.10',
332 silly addNameRange     '0.2.11',
332 silly addNameRange     '0.2.12',
332 silly addNameRange     '0.2.13',
332 silly addNameRange     '0.3.0',
332 silly addNameRange     '0.3.1',
332 silly addNameRange     '0.3.2',
332 silly addNameRange     '0.3.3',
332 silly addNameRange     '0.3.4',
332 silly addNameRange     '0.3.5',
332 silly addNameRange     '0.4.0',
332 silly addNameRange     '0.4.1',
332 silly addNameRange     '0.4.2',
332 silly addNameRange     '0.4.3',
332 silly addNameRange     '0.4.4',
332 silly addNameRange     '0.4.5',
332 silly addNameRange     '0.4.6',
332 silly addNameRange     '0.4.7',
332 silly addNameRange     '0.4.8',
332 silly addNameRange     '0.5.0',
332 silly addNameRange     '0.6.0',
332 silly addNameRange     '0.6.1',
332 silly addNameRange     '0.6.2',
332 silly addNameRange     '0.6.3',
332 silly addNameRange     '0.6.4',
332 silly addNameRange     '0.6.5',
332 silly addNameRange     '0.6.6',
332 silly addNameRange     '0.6.7',
332 silly addNameRange     '0.6.8' ] ]
333 silly addNamed webpack-core@0.6.8
334 verbose addNamed "0.6.8" is a plain semver version for webpack-core
335 http 200 https://registry.npmjs.org/tapable
336 verbose headers { server: 'CouchDB/1.5.0 (Erlang OTP/R16B03)',
336 verbose headers   etag: '"DS8TR8BKDFLREQGPU9NDFN2IM"',
336 verbose headers   'content-type': 'application/json',
336 verbose headers   'content-encoding': 'gzip',
336 verbose headers   'cache-control': 'max-age=300',
336 verbose headers   'content-length': '3583',
336 verbose headers   'accept-ranges': 'bytes',
336 verbose headers   date: 'Mon, 29 Aug 2016 02:45:36 GMT',
336 verbose headers   via: '1.1 varnish',
336 verbose headers   age: '0',
336 verbose headers   connection: 'keep-alive',
336 verbose headers   'x-served-by': 'cache-ord1736-ORD',
336 verbose headers   'x-cache': 'HIT',
336 verbose headers   'x-cache-hits': '1',
336 verbose headers   'x-timer': 'S1472438736.415810,VS0,VE121',
336 verbose headers   vary: 'Accept-Encoding' }
337 silly get cb [ 200,
337 silly get   { server: 'CouchDB/1.5.0 (Erlang OTP/R16B03)',
337 silly get     etag: '"DS8TR8BKDFLREQGPU9NDFN2IM"',
337 silly get     'content-type': 'application/json',
337 silly get     'content-encoding': 'gzip',
337 silly get     'cache-control': 'max-age=300',
337 silly get     'content-length': '3583',
337 silly get     'accept-ranges': 'bytes',
337 silly get     date: 'Mon, 29 Aug 2016 02:45:36 GMT',
337 silly get     via: '1.1 varnish',
337 silly get     age: '0',
337 silly get     connection: 'keep-alive',
337 silly get     'x-served-by': 'cache-ord1736-ORD',
337 silly get     'x-cache': 'HIT',
337 silly get     'x-cache-hits': '1',
337 silly get     'x-timer': 'S1472438736.415810,VS0,VE121',
337 silly get     vary: 'Accept-Encoding' } ]
338 verbose get saving tapable to /home/vagrant/.npm/registry.npmjs.org/tapable/.cache.json
339 verbose correctMkdir /home/vagrant/.npm correctMkdir not in flight; initializing
340 silly resolveWithNewModule tapable@0.1.10 checking installable status
341 silly cache add args [ 'tapable@~0.1.8', null ]
342 verbose cache add spec tapable@~0.1.8
343 silly cache add parsed spec Result {
343 silly cache add   raw: 'tapable@~0.1.8',
343 silly cache add   scope: null,
343 silly cache add   escapedName: 'tapable',
343 silly cache add   name: 'tapable',
343 silly cache add   rawSpec: '~0.1.8',
343 silly cache add   spec: '>=0.1.8 <0.2.0',
343 silly cache add   type: 'range' }
344 silly addNamed tapable@>=0.1.8 <0.2.0
345 verbose addNamed ">=0.1.8 <0.2.0" is a valid semver range for tapable
346 silly addNameRange { name: 'tapable', range: '>=0.1.8 <0.2.0', hasData: false }
347 silly mapToRegistry name tapable
348 silly mapToRegistry using default registry
349 silly mapToRegistry registry https://registry.npmjs.org/
350 silly mapToRegistry data Result {
350 silly mapToRegistry   raw: 'tapable',
350 silly mapToRegistry   scope: null,
350 silly mapToRegistry   escapedName: 'tapable',
350 silly mapToRegistry   name: 'tapable',
350 silly mapToRegistry   rawSpec: '',
350 silly mapToRegistry   spec: 'latest',
350 silly mapToRegistry   type: 'tag' }
351 silly mapToRegistry uri https://registry.npmjs.org/tapable
352 verbose addNameRange registry:https://registry.npmjs.org/tapable not in flight; fetching
353 verbose get https://registry.npmjs.org/tapable not expired, no request
354 silly addNameRange number 2 { name: 'tapable', range: '>=0.1.8 <0.2.0', hasData: true }
355 silly addNameRange versions [ 'tapable',
355 silly addNameRange   [ '0.1.0',
355 silly addNameRange     '0.1.1',
355 silly addNameRange     '0.1.2',
355 silly addNameRange     '0.1.3',
355 silly addNameRange     '0.1.4',
355 silly addNameRange     '0.1.5',
355 silly addNameRange     '0.1.6',
355 silly addNameRange     '0.1.7',
355 silly addNameRange     '0.1.8',
355 silly addNameRange     '0.1.9',
355 silly addNameRange     '0.1.10',
355 silly addNameRange     '0.2.1',
355 silly addNameRange     '0.2.2',
355 silly addNameRange     '0.2.3',
355 silly addNameRange     '0.2.4' ] ]
356 silly addNamed tapable@0.1.10
357 verbose addNamed "0.1.10" is a plain semver version for tapable
358 http 200 https://registry.npmjs.org/watchpack
359 verbose headers { server: 'CouchDB/1.5.0 (Erlang OTP/R16B03)',
359 verbose headers   etag: '"A7822T6K463Z2GEHQX0REI9U"',
359 verbose headers   'content-type': 'application/json',
359 verbose headers   'content-encoding': 'gzip',
359 verbose headers   'cache-control': 'max-age=300',
359 verbose headers   'content-length': '4559',
359 verbose headers   'accept-ranges': 'bytes',
359 verbose headers   date: 'Mon, 29 Aug 2016 02:45:36 GMT',
359 verbose headers   via: '1.1 varnish',
359 verbose headers   age: '0',
359 verbose headers   connection: 'keep-alive',
359 verbose headers   'x-served-by': 'cache-ord1721-ORD',
359 verbose headers   'x-cache': 'HIT',
359 verbose headers   'x-cache-hits': '1',
359 verbose headers   'x-timer': 'S1472438736.442356,VS0,VE125',
359 verbose headers   vary: 'Accept-Encoding' }
360 silly get cb [ 200,
360 silly get   { server: 'CouchDB/1.5.0 (Erlang OTP/R16B03)',
360 silly get     etag: '"A7822T6K463Z2GEHQX0REI9U"',
360 silly get     'content-type': 'application/json',
360 silly get     'content-encoding': 'gzip',
360 silly get     'cache-control': 'max-age=300',
360 silly get     'content-length': '4559',
360 silly get     'accept-ranges': 'bytes',
360 silly get     date: 'Mon, 29 Aug 2016 02:45:36 GMT',
360 silly get     via: '1.1 varnish',
360 silly get     age: '0',
360 silly get     connection: 'keep-alive',
360 silly get     'x-served-by': 'cache-ord1721-ORD',
360 silly get     'x-cache': 'HIT',
360 silly get     'x-cache-hits': '1',
360 silly get     'x-timer': 'S1472438736.442356,VS0,VE125',
360 silly get     vary: 'Accept-Encoding' } ]
361 verbose get saving watchpack to /home/vagrant/.npm/registry.npmjs.org/watchpack/.cache.json
362 verbose correctMkdir /home/vagrant/.npm correctMkdir not in flight; initializing
363 silly resolveWithNewModule watchpack@0.2.9 checking installable status
364 silly cache add args [ 'watchpack@^0.2.1', null ]
365 verbose cache add spec watchpack@^0.2.1
366 silly cache add parsed spec Result {
366 silly cache add   raw: 'watchpack@^0.2.1',
366 silly cache add   scope: null,
366 silly cache add   escapedName: 'watchpack',
366 silly cache add   name: 'watchpack',
366 silly cache add   rawSpec: '^0.2.1',
366 silly cache add   spec: '>=0.2.1 <0.3.0',
366 silly cache add   type: 'range' }
367 silly addNamed watchpack@>=0.2.1 <0.3.0
368 verbose addNamed ">=0.2.1 <0.3.0" is a valid semver range for watchpack
369 silly addNameRange { name: 'watchpack', range: '>=0.2.1 <0.3.0', hasData: false }
370 silly mapToRegistry name watchpack
371 silly mapToRegistry using default registry
372 silly mapToRegistry registry https://registry.npmjs.org/
373 silly mapToRegistry data Result {
373 silly mapToRegistry   raw: 'watchpack',
373 silly mapToRegistry   scope: null,
373 silly mapToRegistry   escapedName: 'watchpack',
373 silly mapToRegistry   name: 'watchpack',
373 silly mapToRegistry   rawSpec: '',
373 silly mapToRegistry   spec: 'latest',
373 silly mapToRegistry   type: 'tag' }
374 silly mapToRegistry uri https://registry.npmjs.org/watchpack
375 verbose addNameRange registry:https://registry.npmjs.org/watchpack not in flight; fetching
376 verbose get https://registry.npmjs.org/watchpack not expired, no request
377 silly addNameRange number 2 { name: 'watchpack', range: '>=0.2.1 <0.3.0', hasData: true }
378 silly addNameRange versions [ 'watchpack',
378 silly addNameRange   [ '0.1.0',
378 silly addNameRange     '0.1.1',
378 silly addNameRange     '0.1.2',
378 silly addNameRange     '0.1.3',
378 silly addNameRange     '0.2.0',
378 silly addNameRange     '0.2.1',
378 silly addNameRange     '0.2.2',
378 silly addNameRange     '0.2.3',
378 silly addNameRange     '0.2.4',
378 silly addNameRange     '0.2.5',
378 silly addNameRange     '0.2.6',
378 silly addNameRange     '0.2.7',
378 silly addNameRange     '0.2.8',
378 silly addNameRange     '0.2.9',
378 silly addNameRange     '1.0.0',
378 silly addNameRange     '1.0.1',
378 silly addNameRange     '1.1.0' ] ]
379 silly addNamed watchpack@0.2.9
380 verbose addNamed "0.2.9" is a plain semver version for watchpack
381 http 200 https://registry.npmjs.org/node-libs-browser
382 verbose headers { server: 'CouchDB/1.6.1 (Erlang OTP/R16B03)',
382 verbose headers   etag: '"2U9WY9LQRNFXVDF0J37JZ8TB"',
382 verbose headers   'content-type': 'application/json',
382 verbose headers   'content-encoding': 'gzip',
382 verbose headers   'cache-control': 'max-age=300',
382 verbose headers   'content-length': '4334',
382 verbose headers   'accept-ranges': 'bytes',
382 verbose headers   date: 'Mon, 29 Aug 2016 02:45:36 GMT',
382 verbose headers   via: '1.1 varnish',
382 verbose headers   age: '0',
382 verbose headers   connection: 'keep-alive',
382 verbose headers   'x-served-by': 'cache-ord1723-ORD',
382 verbose headers   'x-cache': 'HIT',
382 verbose headers   'x-cache-hits': '1',
382 verbose headers   'x-timer': 'S1472438736.385193,VS0,VE341',
382 verbose headers   vary: 'Accept-Encoding' }
383 silly get cb [ 200,
383 silly get   { server: 'CouchDB/1.6.1 (Erlang OTP/R16B03)',
383 silly get     etag: '"2U9WY9LQRNFXVDF0J37JZ8TB"',
383 silly get     'content-type': 'application/json',
383 silly get     'content-encoding': 'gzip',
383 silly get     'cache-control': 'max-age=300',
383 silly get     'content-length': '4334',
383 silly get     'accept-ranges': 'bytes',
383 silly get     date: 'Mon, 29 Aug 2016 02:45:36 GMT',
383 silly get     via: '1.1 varnish',
383 silly get     age: '0',
383 silly get     connection: 'keep-alive',
383 silly get     'x-served-by': 'cache-ord1723-ORD',
383 silly get     'x-cache': 'HIT',
383 silly get     'x-cache-hits': '1',
383 silly get     'x-timer': 'S1472438736.385193,VS0,VE341',
383 silly get     vary: 'Accept-Encoding' } ]
384 verbose get saving node-libs-browser to /home/vagrant/.npm/registry.npmjs.org/node-libs-browser/.cache.json
385 verbose correctMkdir /home/vagrant/.npm correctMkdir not in flight; initializing
386 silly resolveWithNewModule node-libs-browser@0.6.0 checking installable status
387 silly cache add args [ 'node-libs-browser@^0.6.0', null ]
388 verbose cache add spec node-libs-browser@^0.6.0
389 silly cache add parsed spec Result {
389 silly cache add   raw: 'node-libs-browser@^0.6.0',
389 silly cache add   scope: null,
389 silly cache add   escapedName: 'node-libs-browser',
389 silly cache add   name: 'node-libs-browser',
389 silly cache add   rawSpec: '^0.6.0',
389 silly cache add   spec: '>=0.6.0 <0.7.0',
389 silly cache add   type: 'range' }
390 silly addNamed node-libs-browser@>=0.6.0 <0.7.0
391 verbose addNamed ">=0.6.0 <0.7.0" is a valid semver range for node-libs-browser
392 silly addNameRange { name: 'node-libs-browser',
392 silly addNameRange   range: '>=0.6.0 <0.7.0',
392 silly addNameRange   hasData: false }
393 silly mapToRegistry name node-libs-browser
394 silly mapToRegistry using default registry
395 silly mapToRegistry registry https://registry.npmjs.org/
396 silly mapToRegistry data Result {
396 silly mapToRegistry   raw: 'node-libs-browser',
396 silly mapToRegistry   scope: null,
396 silly mapToRegistry   escapedName: 'node-libs-browser',
396 silly mapToRegistry   name: 'node-libs-browser',
396 silly mapToRegistry   rawSpec: '',
396 silly mapToRegistry   spec: 'latest',
396 silly mapToRegistry   type: 'tag' }
397 silly mapToRegistry uri https://registry.npmjs.org/node-libs-browser
398 verbose addNameRange registry:https://registry.npmjs.org/node-libs-browser not in flight; fetching
399 verbose get https://registry.npmjs.org/node-libs-browser not expired, no request
400 silly addNameRange number 2 { name: 'node-libs-browser',
400 silly addNameRange   range: '>=0.6.0 <0.7.0',
400 silly addNameRange   hasData: true }
401 silly addNameRange versions [ 'node-libs-browser',
401 silly addNameRange   [ '0.1.0',
401 silly addNameRange     '0.1.1',
401 silly addNameRange     '0.1.2',
401 silly addNameRange     '0.2.0',
401 silly addNameRange     '0.2.1',
401 silly addNameRange     '0.3.0',
401 silly addNameRange     '0.3.1',
401 silly addNameRange     '0.4.0',
401 silly addNameRange     '0.4.1',
401 silly addNameRange     '0.4.2',
401 silly addNameRange     '0.4.3',
401 silly addNameRange     '0.5.0',
401 silly addNameRange     '0.5.1',
401 silly addNameRange     '0.5.2',
401 silly addNameRange     '0.5.3',
401 silly addNameRange     '1.0.0',
401 silly addNameRange     '0.6.0' ] ]
402 silly addNamed node-libs-browser@0.6.0
403 verbose addNamed "0.6.0" is a plain semver version for node-libs-browser
404 silly rollbackFailedOptional Starting
405 silly rollbackFailedOptional Finishing
406 silly runTopLevelLifecycles Starting
407 silly runTopLevelLifecycles Finishing
408 silly install printInstalled
409 verbose stack Error: Failed to parse json
409 verbose stack No data, empty input at 1:1
409 verbose stack
409 verbose stack ^
409 verbose stack     at parseError (/usr/local/nodejs-binary-6.3.0/lib/node_modules/npm/node_modules/read-package-json/read-json.js:390:11)
409 verbose stack     at parseJson (/usr/local/nodejs-binary-6.3.0/lib/node_modules/npm/node_modules/read-package-json/read-json.js:79:23)
409 verbose stack     at /usr/local/nodejs-binary-6.3.0/lib/node_modules/npm/node_modules/read-package-json/read-json.js:48:5
409 verbose stack     at /usr/local/nodejs-binary-6.3.0/lib/node_modules/npm/node_modules/graceful-fs/graceful-fs.js:78:16
409 verbose stack     at tryToString (fs.js:455:3)
409 verbose stack     at FSReqWrap.readFileAfterClose [as oncomplete] (fs.js:442:12)
410 verbose cwd /home/vagrant/my-portfolio/questrade/client
411 error Linux 3.13.0-91-generic
412 error argv "/usr/local/nodejs-binary-6.3.0/bin/node" "/usr/local/bin/npm" "install" "webpack" "--save-dev"
413 error node v6.3.0
414 error npm  v3.10.3
415 error file /home/vagrant/.npm/enhanced-resolve/0.9.1/package/package.json
416 error code EJSONPARSE
417 error Failed to parse json
417 error No data, empty input at 1:1
417 error
417 error ^
418 error File: /home/vagrant/.npm/enhanced-resolve/0.9.1/package/package.json
419 error Failed to parse package.json data.
419 error package.json must be actual JSON, not just JavaScript.
419 error
419 error This is not a bug in npm.
419 error Tell the package author to fix their package.json file. JSON.parse
420 verbose exit [ 1, true ]
